<?xml version="1.0" encoding="UTF-8"?>
<!-- Generated by org.testng.reporters.JUnitXMLReporter -->
<testsuite hostname="LGVN14359-WIN7" name="SuiteOneCaseOne" tests="2" failures="1" timestamp="12 May 2016 09:02:52 GMT" time="18.583" errors="0">
  <testcase name="SuiteOneCaseOneTest" time="12.098" classname="com.stta.SuiteOne.SuiteOneCaseOne">
    <failure type="java.lang.AssertionError" message="expected [22] but found [21]">
      <![CDATA[java.lang.AssertionError: expected [22] but found [21]
	at com.stta.SuiteOne.SuiteOneCaseOne.SuiteOneCaseOneTest(SuiteOneCaseOne.java:108)
... Removed 29 stack frames]]>
    </failure>
  </testcase> <!-- SuiteOneCaseOneTest -->
  <testcase name="SuiteOneCaseOneTest" time="6.36" classname="com.stta.SuiteOne.SuiteOneCaseOne"/>
</testsuite> <!-- SuiteOneCaseOne -->
