<?xml version="1.0" encoding="UTF-8"?>
<!-- Generated by org.testng.reporters.JUnitXMLReporter -->
<testsuite hostname="LGVN14359-WIN7" name="SuiteOneCaseOne" tests="2" failures="1" timestamp="15 Apr 2016 06:43:17 GMT" time="0.168" errors="0">
  <testcase name="SuiteOneCaseOneTest" time="0.045" classname="com.stta.SuiteOne.SuiteOneCaseOne">
    <failure type="java.lang.AssertionError" message="The following asserts failed:
	21 And 22 Not Match expected [22] but found [21]">
      <![CDATA[java.lang.AssertionError: The following asserts failed:
	21 And 22 Not Match expected [22] but found [21]
	at com.stta.SuiteOne.SuiteOneCaseOne.SuiteOneCaseOneTest(SuiteOneCaseOne.java:98)
... Removed 25 stack frames]]>
    </failure>
  </testcase> <!-- SuiteOneCaseOneTest -->
  <testcase name="SuiteOneCaseOneTest" time="0.001" classname="com.stta.SuiteOne.SuiteOneCaseOne">
    <skipped/>
  </testcase> <!-- SuiteOneCaseOneTest -->
</testsuite> <!-- SuiteOneCaseOne -->
